
> @repo/common@1.0.0 build C:\Users\Espin\Documents\GitHub\virtec\packages\common
> tsup ./src --dts

[34mCLI[39m Building entry: src/constants.ts, src/index.ts, src/permissions.ts, src/roles.ts, src/auth/login-dni.dto.ts, src/auth/login-password.dto.ts, src/auth/types.ts, src/schools/create-course.dto.ts, src/schools/create-school.dto.ts, src/schools/create-speciallity.dto.ts, src/schools/create-student.dto.ts, src/schools/create-subject.dto.ts, src/schools/create-teacher.dto.ts, src/users/user.dto.ts, src/pipes/validate-cuil/validate-cuil.pipe.ts
[34mCLI[39m Using tsconfig: tsconfig.json
[34mCLI[39m tsup v8.3.0
[34mCLI[39m Using tsup config: C:\Users\Espin\Documents\GitHub\virtec\packages\common\tsup.config.ts
[34mCLI[39m Target: node18
[34mCLI[39m Cleaning output folder
[34mCJS[39m Build start
[34mESM[39m Build start
Generated an empty chunk: "types".
Generated an empty chunk: "types".
[32mCJS[39m [1mdist\schools\create-school.dto.js                  [22m[32m557.00 B[39m
[32mCJS[39m [1mdist\users\user.dto.js                             [22m[32m1.43 KB[39m
[32mCJS[39m [1mdist\schools\create-subject.dto.js                 [22m[32m1.19 KB[39m
[32mCJS[39m [1mdist\schools\create-student.dto.js                 [22m[32m2.15 KB[39m
[32mCJS[39m [1mdist\constants.js                                  [22m[32m659.00 B[39m
[32mCJS[39m [1mdist\auth\types.js                                 [22m[32m82.00 B[39m
[32mCJS[39m [1mdist\schools\create-speciallity.dto.js             [22m[32m536.00 B[39m
[32mCJS[39m [1mdist\schools\create-teacher.dto.js                 [22m[32m473.00 B[39m
[32mCJS[39m [1mdist\schools\create-course.dto.js                  [22m[32m848.00 B[39m
[32mCJS[39m [1mdist\auth\login-password.dto.js                    [22m[32m643.00 B[39m
[32mCJS[39m [1mdist\roles.js                                      [22m[32m313.00 B[39m
[32mCJS[39m [1mdist\permissions.js                                [22m[32m2.39 KB[39m
[32mCJS[39m [1mdist\auth\login-dni.dto.js                         [22m[32m630.00 B[39m
[32mCJS[39m [1mdist\index.js                                      [22m[32m4.00 KB[39m
[32mCJS[39m [1mdist\chunk-EUXUH3YW.js                             [22m[32m637.00 B[39m
[32mCJS[39m [1mdist\pipes\validate-cuil\validate-cuil.pipe.js     [22m[32m1.21 KB[39m
[32mCJS[39m [1mdist\constants.js.map                              [22m[32m822.00 B[39m
[32mCJS[39m [1mdist\users\user.dto.js.map                         [22m[32m1.91 KB[39m
[32mCJS[39m [1mdist\schools\create-school.dto.js.map              [22m[32m698.00 B[39m
[32mCJS[39m [1mdist\schools\create-subject.dto.js.map             [22m[32m1.55 KB[39m
[32mCJS[39m [1mdist\schools\create-student.dto.js.map             [22m[32m2.81 KB[39m
[32mCJS[39m [1mdist\roles.js.map                                  [22m[32m543.00 B[39m
[32mCJS[39m [1mdist\schools\create-speciallity.dto.js.map         [22m[32m581.00 B[39m
[32mCJS[39m [1mdist\auth\types.js.map                             [22m[32m69.00 B[39m
[32mCJS[39m [1mdist\schools\create-teacher.dto.js.map             [22m[32m527.00 B[39m
[32mCJS[39m [1mdist\schools\create-course.dto.js.map              [22m[32m1023.00 B[39m
[32mCJS[39m [1mdist\auth\login-password.dto.js.map                [22m[32m818.00 B[39m
[32mCJS[39m [1mdist\permissions.js.map                            [22m[32m3.98 KB[39m
[32mCJS[39m [1mdist\auth\login-dni.dto.js.map                     [22m[32m848.00 B[39m
[32mCJS[39m [1mdist\chunk-EUXUH3YW.js.map                         [22m[32m78.00 B[39m
[32mCJS[39m [1mdist\index.js.map                                  [22m[32m89.00 B[39m
[32mCJS[39m [1mdist\pipes\validate-cuil\validate-cuil.pipe.js.map [22m[32m2.48 KB[39m
[32mCJS[39m ⚡️ Build success in 504ms
[32mESM[39m [1mdist\schools\create-school.dto.mjs                  [22m[32m443.00 B[39m
[32mESM[39m [1mdist\schools\create-teacher.dto.mjs                 [22m[32m407.00 B[39m
[32mESM[39m [1mdist\schools\create-speciallity.dto.mjs             [22m[32m437.00 B[39m
[32mESM[39m [1mdist\schools\create-student.dto.mjs                 [22m[32m1.63 KB[39m
[32mESM[39m [1mdist\users\user.dto.mjs                             [22m[32m1.09 KB[39m
[32mESM[39m [1mdist\constants.mjs                                  [22m[32m502.00 B[39m
[32mESM[39m [1mdist\index.mjs                                      [22m[32m688.00 B[39m
[32mESM[39m [1mdist\pipes\validate-cuil\validate-cuil.pipe.mjs     [22m[32m1.11 KB[39m
[32mESM[39m [1mdist\schools\create-course.dto.mjs                  [22m[32m640.00 B[39m
[32mESM[39m [1mdist\schools\create-subject.dto.mjs                 [22m[32m974.00 B[39m
[32mESM[39m [1mdist\roles.mjs                                      [22m[32m294.00 B[39m
[32mESM[39m [1mdist\auth\types.mjs                                 [22m[32m70.00 B[39m
[32mESM[39m [1mdist\chunk-SAWN7RJP.mjs                             [22m[32m609.00 B[39m
[32mESM[39m [1mdist\permissions.mjs                                [22m[32m2.36 KB[39m
[32mESM[39m [1mdist\auth\login-password.dto.mjs                    [22m[32m544.00 B[39m
[32mESM[39m [1mdist\auth\login-dni.dto.mjs                         [22m[32m532.00 B[39m
[32mESM[39m [1mdist\schools\create-school.dto.mjs.map              [22m[32m644.00 B[39m
[32mESM[39m [1mdist\schools\create-teacher.dto.mjs.map             [22m[32m474.00 B[39m
[32mESM[39m [1mdist\schools\create-speciallity.dto.mjs.map         [22m[32m542.00 B[39m
[32mESM[39m [1mdist\users\user.dto.mjs.map                         [22m[32m1.78 KB[39m
[32mESM[39m [1mdist\schools\create-student.dto.mjs.map             [22m[32m2.64 KB[39m
[32mESM[39m [1mdist\schools\create-course.dto.mjs.map              [22m[32m957.00 B[39m
[32mESM[39m [1mdist\constants.mjs.map                              [22m[32m821.00 B[39m
[32mESM[39m [1mdist\auth\types.mjs.map                             [22m[32m70.00 B[39m
[32mESM[39m [1mdist\index.mjs.map                                  [22m[32m90.00 B[39m
[32mESM[39m [1mdist\schools\create-subject.dto.mjs.map             [22m[32m1.48 KB[39m
[32mESM[39m [1mdist\roles.mjs.map                                  [22m[32m542.00 B[39m
[32mESM[39m [1mdist\pipes\validate-cuil\validate-cuil.pipe.mjs.map [22m[32m2.43 KB[39m
[32mESM[39m [1mdist\chunk-SAWN7RJP.mjs.map                         [22m[32m79.00 B[39m
[32mESM[39m [1mdist\permissions.mjs.map                            [22m[32m3.98 KB[39m
[32mESM[39m [1mdist\auth\login-password.dto.mjs.map                [22m[32m768.00 B[39m
[32mESM[39m [1mdist\auth\login-dni.dto.mjs.map                     [22m[32m799.00 B[39m
[32mESM[39m ⚡️ Build success in 508ms
[34mDTS[39m Build start
[32mDTS[39m ⚡️ Build success in 12877ms
[32mDTS[39m [1mdist\index.d.ts                                   [22m[32m1.07 KB[39m
[32mDTS[39m [1mdist\constants.d.ts                               [22m[32m507.00 B[39m
[32mDTS[39m [1mdist\auth\login-dni.dto.d.ts                      [22m[32m94.00 B[39m
[32mDTS[39m [1mdist\auth\login-password.dto.d.ts                 [22m[32m100.00 B[39m
[32mDTS[39m [1mdist\auth\types.d.ts                              [22m[32m1003.00 B[39m
[32mDTS[39m [1mdist\permissions.d.ts                             [22m[32m2.87 KB[39m
[32mDTS[39m [1mdist\roles.d.ts                                   [22m[32m328.00 B[39m
[32mDTS[39m [1mdist\schools\create-course.dto.d.ts               [22m[32m157.00 B[39m
[32mDTS[39m [1mdist\schools\create-school.dto.d.ts               [22m[32m119.00 B[39m
[32mDTS[39m [1mdist\schools\create-speciallity.dto.d.ts          [22m[32m114.00 B[39m
[32mDTS[39m [1mdist\schools\create-student.dto.d.ts              [22m[32m536.00 B[39m
[32mDTS[39m [1mdist\schools\create-subject.dto.d.ts              [22m[32m176.00 B[39m
[32mDTS[39m [1mdist\schools\create-teacher.dto.d.ts              [22m[32m162.00 B[39m
[32mDTS[39m [1mdist\users\user.dto.d.ts                          [22m[32m241.00 B[39m
[32mDTS[39m [1mdist\pipes\validate-cuil\validate-cuil.pipe.d.ts  [22m[32m476.00 B[39m
[32mDTS[39m [1mdist\index.d.mts                                  [22m[32m1.08 KB[39m
[32mDTS[39m [1mdist\constants.d.mts                              [22m[32m507.00 B[39m
[32mDTS[39m [1mdist\auth\login-dni.dto.d.mts                     [22m[32m94.00 B[39m
[32mDTS[39m [1mdist\auth\login-password.dto.d.mts                [22m[32m100.00 B[39m
[32mDTS[39m [1mdist\auth\types.d.mts                             [22m[32m1005.00 B[39m
[32mDTS[39m [1mdist\permissions.d.mts                            [22m[32m2.87 KB[39m
[32mDTS[39m [1mdist\roles.d.mts                                  [22m[32m328.00 B[39m
[32mDTS[39m [1mdist\schools\create-course.dto.d.mts              [22m[32m157.00 B[39m
[32mDTS[39m [1mdist\schools\create-school.dto.d.mts              [22m[32m119.00 B[39m
[32mDTS[39m [1mdist\schools\create-speciallity.dto.d.mts         [22m[32m114.00 B[39m
[32mDTS[39m [1mdist\schools\create-student.dto.d.mts             [22m[32m537.00 B[39m
[32mDTS[39m [1mdist\schools\create-subject.dto.d.mts             [22m[32m176.00 B[39m
[32mDTS[39m [1mdist\schools\create-teacher.dto.d.mts             [22m[32m163.00 B[39m
[32mDTS[39m [1mdist\users\user.dto.d.mts                         [22m[32m241.00 B[39m
[32mDTS[39m [1mdist\pipes\validate-cuil\validate-cuil.pipe.d.mts [22m[32m476.00 B[39m
